0 info it worked if it ends with ok
1 verbose cli [ '/usr/bin/node', '/usr/bin/npm', 'start' ]
2 info using npm@1.4.28
3 info using node@v0.10.40
4 verbose node symlink /usr/bin/node
5 verbose run-script [ 'prestart', 'start', 'poststart' ]
6 info prestart react@1.0.0
7 info start react@1.0.0
8 verbose unsafe-perm in lifecycle true
9 info react@1.0.0 Failed to exec start script
10 error react@1.0.0 start: `npm run compile-css && webpack-dev-server --inline --progress --display-error-details --watch-poll --port 8080 --content-base public/`
10 error Exit status 8
11 error Failed at the react@1.0.0 start script.
11 error This is most likely a problem with the react package,
11 error not with npm itself.
11 error Tell the author that this fails on your system:
11 error     npm run compile-css && webpack-dev-server --inline --progress --display-error-details --watch-poll --port 8080 --content-base public/
11 error You can get their info via:
11 error     npm owner ls react
11 error There is likely additional logging output above.
12 error System Linux 4.2.0-22-generic
13 error command "/usr/bin/node" "/usr/bin/npm" "start"
14 error cwd /home/rodrigo/projects/code_challenge/client
15 error node -v v0.10.40
16 error npm -v 1.4.28
17 error code ELIFECYCLE
18 verbose exit [ 1, true ]
